<?xml version="1.0" encoding="UTF-8"?>
<!-- Generated by org.testng.reporters.JUnitReportReporter -->
<testsuite hostname="sathish" failures="0" tests="8" name="TestCases.Create_Password_Screen_TestCases" time="107.416" errors="0" timestamp="2024-08-07T13:39:50 IST" skipped="0">
  <testcase classname="TestCases.Create_Password_Screen_TestCases" name="preSetup" time="22.654"/>
  <testcase classname="TestCases.Create_Password_Screen_TestCases" name="TC_60_To_Validate_the_next_function_without_entering_a_value_in_Enter_password_and_ReEnter_password" time="3.646"/>
  <testcase classname="TestCases.Create_Password_Screen_TestCases" name="TC_57_To_Validate_with_Valid_value_in_enter_password_field_and_Invalid_value_in_ReEnter_password_field" time="18.078"/>
  <testcase classname="TestCases.Create_Password_Screen_TestCases" name="TC_62_To_Validate_the_next_function_with_value_only_In_Enter_password_Field" time="2.599"/>
  <testcase classname="TestCases.Create_Password_Screen_TestCases" name="TC_66_To_Validate_the_Password_number_fields_by_entering_values_below_boundary_value_in_any_one_field" time="10.854"/>
  <testcase classname="TestCases.Create_Password_Screen_TestCases" name="TC_76_And_77_To_validate_Whether_Values_In_Password_Fields_are_Editable_And_deletable" time="19.088"/>
  <testcase classname="TestCases.Create_Password_Screen_TestCases" name="TC_59_To_Validate_with_Valid_value_in_enter_password_field_and_Invalid_value_in_ReEnter_password_field_and_repeat_it_for_multiple_time" time="23.188"/>
  <testcase classname="TestCases.Create_Password_Screen_TestCases" name="TC_58_To_Validate_with_Valid_value_in_both_enter_password_field_and_in_ReEnter_password_field" time="7.309"/>
</testsuite> <!-- TestCases.Create_Password_Screen_TestCases -->
