<?xml version="1.0" encoding="UTF-8"?>
<!-- Generated by org.testng.reporters.JUnitReportReporter -->
<testsuite hostname="sathish" failures="0" tests="3" name="AutomationTesting.BchatApp.Create_Password_Screen_TestCases" time="40.057" errors="0" timestamp="2025-02-21T12:29:47 IST" skipped="0">
  <testcase classname="AutomationTesting.BchatApp.Create_Password_Screen_TestCases" name="preSetup" time="18.639"/>
  <testcase classname="AutomationTesting.BchatApp.Create_Password_Screen_TestCases" name="To_Validate_the_next_function_without_entering_a_value_in_Enter_password_field_and_ReEnter_password_field_in_create_password_screen" time="4.233"/>
  <testcase classname="AutomationTesting.BchatApp.Create_Password_Screen_TestCases" name="To_Validate_with_Valid_value_in_enter_password_field_and_Invalid_value_in_ReEnter_password_field_in_create_password_screen" time="17.185"/>
</testsuite> <!-- AutomationTesting.BchatApp.Create_Password_Screen_TestCases -->
