<?xml version="1.0" encoding="UTF-8"?>
<!-- Generated by org.testng.reporters.JUnitReportReporter -->
<testsuite hostname="sathish" failures="0" tests="5" name="AutomationTesting.BchatApp.My_Wallet_Screen_TestCases_In_Restore_Account_Flow" time="494.851" errors="0" timestamp="2025-02-06T17:10:35 IST" skipped="0">
  <testcase classname="AutomationTesting.BchatApp.My_Wallet_Screen_TestCases_In_Restore_Account_Flow" name="PreSetup" time="107.476"/>
  <testcase classname="AutomationTesting.BchatApp.My_Wallet_Screen_TestCases_In_Restore_Account_Flow" name="To_Validatethe_Whether_the_user_is_able_to_navigate_to_next_screen_without_entering_a_values_in_pin_fields" time="226.360"/>
  <testcase classname="AutomationTesting.BchatApp.My_Wallet_Screen_TestCases_In_Restore_Account_Flow" name="To_Validate_whether_able_to_set_new_pin_with_old_pin_value" time="20.107"/>
  <testcase classname="AutomationTesting.BchatApp.My_Wallet_Screen_TestCases_In_Restore_Account_Flow" name="To_Validate_the_Change_Pin_functionality_by_entering_a_valid_value_in_New_pin_and_invalid_value_in_ReEnter_pin" time="112.337"/>
  <testcase classname="AutomationTesting.BchatApp.My_Wallet_Screen_TestCases_In_Restore_Account_Flow" name="To_Validate_the_Change_Pin_functionality_by_entering_a_valid_Create_pin_and_valid_ReEnter_pin" time="28.571"/>
</testsuite> <!-- AutomationTesting.BchatApp.My_Wallet_Screen_TestCases_In_Restore_Account_Flow -->
