<?xml version="1.0" encoding="UTF-8"?>
<!-- Generated by org.testng.reporters.JUnitReportReporter -->
<testsuite hostname="sathish" failures="0" tests="5" name="AutomationTesting.BchatApp.Clear_Data_Popup_TestCases" time="122.925" errors="0" timestamp="2024-09-06T13:06:32 IST" skipped="0">
  <testcase classname="AutomationTesting.BchatApp.Clear_Data_Popup_TestCases" name="PreSetup" time="50.589"/>
  <system-out/>
  <testcase classname="AutomationTesting.BchatApp.Clear_Data_Popup_TestCases" name="To_Validate_whether_able_to_navigate_back_to_Account_Settings_Screen" time="2.012"/>
  <system-out/>
  <testcase classname="AutomationTesting.BchatApp.Clear_Data_Popup_TestCases" name="To_Validate_the_working_of_cancel_button_in_all_popup" time="9.670"/>
  <system-out/>
  <testcase classname="AutomationTesting.BchatApp.Clear_Data_Popup_TestCases" name="To_Validate_the_working_of_clear_data_from_device_option" time="6.079"/>
  <system-out/>
  <testcase classname="AutomationTesting.BchatApp.Clear_Data_Popup_TestCases" name="To_Validate_the_working_of_delete_entire_account_option" time="54.575"/>
  <system-out/>
</testsuite> <!-- AutomationTesting.BchatApp.Clear_Data_Popup_TestCases -->
