<?xml version="1.0" encoding="UTF-8"?>
<!-- Generated by org.testng.reporters.JUnitReportReporter -->
<testsuite hostname="sathish" failures="0" tests="7" name="AutomationTesting.BchatApp.Chat_Settings_Screen_TestCases" time="72.717" errors="0" timestamp="2024-09-05T13:04:51 IST" skipped="0">
  <testcase classname="AutomationTesting.BchatApp.Chat_Settings_Screen_TestCases" name="PreSetup" time="54.179"/>
  <system-out/>
  <testcase classname="AutomationTesting.BchatApp.Chat_Settings_Screen_TestCases" name="To_Validate_the_working_of_Ok_and_cancel_buttons_in_conversation_length" time="4.834"/>
  <system-out/>
  <testcase classname="AutomationTesting.BchatApp.Chat_Settings_Screen_TestCases" name="To_Validate_the_working_of_delete_button_in_Delete_all_old_messages_now" time="2.528"/>
  <system-out/>
  <testcase classname="AutomationTesting.BchatApp.Chat_Settings_Screen_TestCases" name="To_Validate_working_of_cancel_button_in_Delete_all_old_messages_now" time="1.774"/>
  <system-out/>
  <testcase classname="AutomationTesting.BchatApp.Chat_Settings_Screen_TestCases" name="To_Validate_Conversation_length_limit_field_Whether_allowing_space" time="3.844"/>
  <system-out/>
  <testcase classname="AutomationTesting.BchatApp.Chat_Settings_Screen_TestCases" name="To_Validate_whether_paste_option_is_working_on_Conversation_length_limit_field" time="3.314"/>
  <system-out/>
  <testcase classname="AutomationTesting.BchatApp.Chat_Settings_Screen_TestCases" name="To_Validate_whether_crusher_blink_in_Conversation_length_limit_field_while_clicking" time="2.244"/>
  <system-out/>
</testsuite> <!-- AutomationTesting.BchatApp.Chat_Settings_Screen_TestCases -->
