<?xml version="1.0" encoding="UTF-8"?>
<!-- Generated by org.testng.reporters.JUnitReportReporter -->
<testsuite hostname="sathish" failures="0" tests="2" name="AutomationTesting.BchatApp.Home_Screen_TestCases_In_Restore_Account_Flow" time="43.460" errors="1" timestamp="2024-09-11T16:52:37 IST" skipped="0">
  <testcase classname="AutomationTesting.BchatApp.Home_Screen_TestCases_In_Restore_Account_Flow" name="preSetup" time="38.759"/>
  <system-out/>
  <testcase classname="AutomationTesting.BchatApp.Home_Screen_TestCases_In_Restore_Account_Flow" name="To_Validate_the_text_box_of_the_search_functionality_by_entering_values_above_boundary_value" time="4.701">
    <error message="Cannot set the element to &#039;effknfknfkgfnkggkgmfkfkkjkjkhjhjkhhhhjhkjh&#039;. Did you interact with the correct element?
Build info: version: &#039;4.24.0&#039;, revision: &#039;748ffc9bc3&#039;
System info: os.name: &#039;Windows 11&#039;, os.arch: &#039;amd64&#039;, os.version: &#039;10.0&#039;, java.version: &#039;21.0.3&#039;
Driver info: io.appium.java_client.android.AndroidDriver
Command: [4ad14281-2b17-445d-9b29-aba43561c134, sendKeysToElement {value=[Ljava.lang.CharSequence;@25d2f66, id=00000000-0000-015a-0000-00a200000119}]
Capabilities {appium:app: C:\Users\satbi\eclipse-work..., appium:appActivity: io.beldex.bchat.RoutingActi..., appium:appPackage: io.beldex.bchat, appium:automationName: UiAutomator2, appium:databaseEnabled: false, appium:desired: {app: C:\Users\satbi\eclipse-work..., appActivity: io.beldex.bchat.RoutingActi..., appPackage: io.beldex.bchat, automationName: UiAutomator2, deviceName: Redmi 9i, platformName: ANDROID, platformVersion: 10, udid: BUTOZHAUWKWWTGEM}, appium:deviceApiLevel: 29, appium:deviceManufacturer: Xiaomi, appium:deviceModel: M2006C3LII, appium:deviceName: BUTOZHAUWKWWTGEM, appium:deviceScreenDensity: 320, appium:deviceScreenSize: 720x1600, appium:deviceUDID: BUTOZHAUWKWWTGEM, appium:javascriptEnabled: true, appium:locationContextEnabled: false, appium:networkConnectionEnabled: true, appium:pixelRatio: 2, appium:platformVersion: 10, appium:statBarHeight: 55, appium:takesScreenshot: true, appium:udid: BUTOZHAUWKWWTGEM, appium:viewportRect: {height: 1545, left: 0, top: 55, width: 720}, appium:warnings: {}, appium:webStorageEnabled: false, platformName: ANDROID}
Element: [[AndroidDriver:  on ANDROID (4ad14281-2b17-445d-9b29-aba43561c134)] -&gt; xpath: //android.widget.TextView[@text=&#039;Search people and groups&#039;]]
Session ID: 4ad14281-2b17-445d-9b29-aba43561c134" type="org.openqa.selenium.InvalidElementStateException">
      <![CDATA[org.openqa.selenium.InvalidElementStateException: Cannot set the element to 'effknfknfkgfnkggkgmfkfkkjkjkhjhjkhhhhjhkjh'. Did you interact with the correct element?
Build info: version: '4.24.0', revision: '748ffc9bc3'
System info: os.name: 'Windows 11', os.arch: 'amd64', os.version: '10.0', java.version: '21.0.3'
Driver info: io.appium.java_client.android.AndroidDriver
Command: [4ad14281-2b17-445d-9b29-aba43561c134, sendKeysToElement {value=[Ljava.lang.CharSequence;@25d2f66, id=00000000-0000-015a-0000-00a200000119}]
Capabilities {appium:app: C:\Users\satbi\eclipse-work..., appium:appActivity: io.beldex.bchat.RoutingActi..., appium:appPackage: io.beldex.bchat, appium:automationName: UiAutomator2, appium:databaseEnabled: false, appium:desired: {app: C:\Users\satbi\eclipse-work..., appActivity: io.beldex.bchat.RoutingActi..., appPackage: io.beldex.bchat, automationName: UiAutomator2, deviceName: Redmi 9i, platformName: ANDROID, platformVersion: 10, udid: BUTOZHAUWKWWTGEM}, appium:deviceApiLevel: 29, appium:deviceManufacturer: Xiaomi, appium:deviceModel: M2006C3LII, appium:deviceName: BUTOZHAUWKWWTGEM, appium:deviceScreenDensity: 320, appium:deviceScreenSize: 720x1600, appium:deviceUDID: BUTOZHAUWKWWTGEM, appium:javascriptEnabled: true, appium:locationContextEnabled: false, appium:networkConnectionEnabled: true, appium:pixelRatio: 2, appium:platformVersion: 10, appium:statBarHeight: 55, appium:takesScreenshot: true, appium:udid: BUTOZHAUWKWWTGEM, appium:viewportRect: {height: 1545, left: 0, top: 55, width: 720}, appium:warnings: {}, appium:webStorageEnabled: false, platformName: ANDROID}
Element: [[AndroidDriver:  on ANDROID (4ad14281-2b17-445d-9b29-aba43561c134)] -> xpath: //android.widget.TextView[@text='Search people and groups']]
Session ID: 4ad14281-2b17-445d-9b29-aba43561c134
at java.base/jdk.internal.reflect.DirectConstructorHandleAccessor.newInstance(DirectConstructorHandleAccessor.java:62)
at java.base/java.lang.reflect.Constructor.newInstanceWithCaller(Constructor.java:502)
at java.base/java.lang.reflect.Constructor.newInstance(Constructor.java:486)
at org.openqa.selenium.remote.ErrorCodec.decode(ErrorCodec.java:167)
at org.openqa.selenium.remote.codec.w3c.W3CHttpResponseCodec.decode(W3CHttpResponseCodec.java:138)
at org.openqa.selenium.remote.codec.w3c.W3CHttpResponseCodec.decode(W3CHttpResponseCodec.java:50)
at org.openqa.selenium.remote.HttpCommandExecutor.execute(HttpCommandExecutor.java:190)
at io.appium.java_client.remote.AppiumCommandExecutor.execute(AppiumCommandExecutor.java:237)
at org.openqa.selenium.remote.RemoteWebDriver.execute(RemoteWebDriver.java:545)
at org.openqa.selenium.remote.RemoteWebElement.execute(RemoteWebElement.java:223)
at org.openqa.selenium.remote.RemoteWebElement.sendKeys(RemoteWebElement.java:110)
at java.base/jdk.internal.reflect.DirectMethodHandleAccessor.invoke(DirectMethodHandleAccessor.java:103)
at java.base/java.lang.reflect.Method.invoke(Method.java:580)
at io.appium.java_client.pagefactory.ElementInterceptor.getObject(ElementInterceptor.java:42)
at io.appium.java_client.pagefactory.interceptors.InterceptorOfASingleElement.call(InterceptorOfASingleElement.java:79)
at io.appium.java_client.proxy.Interceptor.intercept(Interceptor.java:78)
at org.openqa.selenium.remote.RemoteWebElement$ByteBuddy$mztDLjeE.sendKeys(Unknown Source)
at TestUtiles.ActionsClass.Copy_And_Paste_Values(ActionsClass.java:94)
at POM.HomeScreen.pastevalues(HomeScreen.java:172)
at AutomationTesting.BchatApp.Home_Screen_TestCases_In_Restore_Account_Flow.To_Validate_the_text_box_of_the_search_functionality_by_entering_values_above_boundary_value(Home_Screen_TestCases_In_Restore_Account_Flow.java:69)
at java.base/jdk.internal.reflect.DirectMethodHandleAccessor.invoke(DirectMethodHandleAccessor.java:103)
at java.base/java.lang.reflect.Method.invoke(Method.java:580)
at org.testng.internal.MethodInvocationHelper.invokeMethod(MethodInvocationHelper.java:133)
at org.testng.internal.TestInvoker.invokeMethod(TestInvoker.java:598)
at org.testng.internal.TestInvoker.invokeTestMethod(TestInvoker.java:173)
at org.testng.internal.MethodRunner.runInSequence(MethodRunner.java:46)
at org.testng.internal.TestInvoker$MethodInvocationAgent.invoke(TestInvoker.java:824)
at org.testng.internal.TestInvoker.invokeTestMethods(TestInvoker.java:146)
at org.testng.internal.TestMethodWorker.invokeTestMethods(TestMethodWorker.java:146)
at org.testng.internal.TestMethodWorker.run(TestMethodWorker.java:128)
at java.base/java.util.ArrayList.forEach(ArrayList.java:1596)
at org.testng.TestRunner.privateRun(TestRunner.java:794)
at org.testng.TestRunner.run(TestRunner.java:596)
at org.testng.SuiteRunner.runTest(SuiteRunner.java:377)
at org.testng.SuiteRunner.runSequentially(SuiteRunner.java:371)
at org.testng.SuiteRunner.privateRun(SuiteRunner.java:332)
at org.testng.SuiteRunner.run(SuiteRunner.java:276)
at org.testng.SuiteRunnerWorker.runSuite(SuiteRunnerWorker.java:53)
at org.testng.SuiteRunnerWorker.run(SuiteRunnerWorker.java:96)
at org.testng.TestNG.runSuitesSequentially(TestNG.java:1212)
at org.testng.TestNG.runSuitesLocally(TestNG.java:1134)
at org.testng.TestNG.runSuites(TestNG.java:1063)
at org.testng.TestNG.run(TestNG.java:1031)
at org.testng.remote.AbstractRemoteTestNG.run(AbstractRemoteTestNG.java:115)
at org.testng.remote.RemoteTestNG.initAndRun(RemoteTestNG.java:293)
at org.testng.remote.RemoteTestNG.main(RemoteTestNG.java:91)
]]>
    </error>
  </testcase> <!-- To_Validate_the_text_box_of_the_search_functionality_by_entering_values_above_boundary_value -->
  <system-out/>
</testsuite> <!-- AutomationTesting.BchatApp.Home_Screen_TestCases_In_Restore_Account_Flow -->
