<?xml version="1.0" encoding="UTF-8"?>
<!-- Generated by org.testng.reporters.JUnitReportReporter -->
<testsuite hostname="sathish" failures="0" tests="8" name="AutomationTesting.BchatApp.Account_Settings_Screen_TestCases" time="72.842" errors="0" timestamp="2024-08-26T12:55:57 IST" skipped="0">
  <testcase classname="AutomationTesting.BchatApp.Account_Settings_Screen_TestCases" name="PreSetup" time="45.470"/>
  <testcase classname="AutomationTesting.BchatApp.Account_Settings_Screen_TestCases" name="To_Validate_whether_able_to_navigate_back_to_my_account_screen_from_gmail_screen" time="11.708"/>
  <testcase classname="AutomationTesting.BchatApp.Account_Settings_Screen_TestCases" name="To_Validate_the_working_of_the_FAQ_option" time="4.475"/>
  <testcase classname="AutomationTesting.BchatApp.Account_Settings_Screen_TestCases" name="To_Validate_whether_able_to_navigate_back_to_my_account_screen_From_FAQ_Screen" time="1.302"/>
  <testcase classname="AutomationTesting.BchatApp.Account_Settings_Screen_TestCases" name="To_Validate_the_working_of_change_log_option" time="1.901"/>
  <testcase classname="AutomationTesting.BchatApp.Account_Settings_Screen_TestCases" name="To_Validate_the_working_of_the_changelog_dropdown" time="0.709"/>
  <testcase classname="AutomationTesting.BchatApp.Account_Settings_Screen_TestCases" name="To_Validate_Whether_changelog_screen_is_scrollable" time="5.846"/>
  <testcase classname="AutomationTesting.BchatApp.Account_Settings_Screen_TestCases" name="To_Validate_whether_able_to_navigate_back_to_my_account_screen_from_changeLog_screen" time="1.431"/>
</testsuite> <!-- AutomationTesting.BchatApp.Account_Settings_Screen_TestCases -->
