<?xml version="1.0" encoding="UTF-8"?>
<!-- Generated by org.testng.reporters.JUnitReportReporter -->
<testsuite hostname="sathish" failures="0" tests="4" name="AutomationTesting.BchatApp.Secret_Group_Chat_Screen_TestCases" time="88.277" errors="0" timestamp="2024-12-17T16:40:06 IST" skipped="0">
  <testcase classname="AutomationTesting.BchatApp.Secret_Group_Chat_Screen_TestCases" name="PreSetup" time="73.659"/>
  <system-out/>
  <testcase classname="AutomationTesting.BchatApp.Secret_Group_Chat_Screen_TestCases" name="To_Validate_the_working_of_community_guidelines_in_social_group_chat_screen" time="9.574"/>
  <system-out/>
  <testcase classname="AutomationTesting.BchatApp.Secret_Group_Chat_Screen_TestCases" name="To_validate_the_working_of_add_member_in_social_group_chat_screen" time="4.861"/>
  <system-out/>
  <testcase classname="AutomationTesting.BchatApp.Secret_Group_Chat_Screen_TestCases" name="To_Validate_whether_member_count_showing_in_social_group_chat_screen" time="0.183"/>
  <system-out/>
</testsuite> <!-- AutomationTesting.BchatApp.Secret_Group_Chat_Screen_TestCases -->
