<?xml version="1.0" encoding="UTF-8"?>
<!-- Generated by org.testng.reporters.JUnitReportReporter -->
<testsuite hostname="sathish" failures="0" tests="6" name="AutomationTesting.BchatApp.Create_Account_Flow_DisplayNameScreen_TestCases" time="54.322" errors="0" timestamp="2025-02-19T09:57:03 IST" skipped="0">
  <testcase classname="AutomationTesting.BchatApp.Create_Account_Flow_DisplayNameScreen_TestCases" name="To_Validate_DisplayName_textbox_With_valid_Datas_like_alphapets_both_in_uppercase_and_lowercase_and_numerical_value" time="10.459"/>
  <testcase classname="AutomationTesting.BchatApp.Create_Account_Flow_DisplayNameScreen_TestCases" name="To_Validate_DisplayName_textbox_With_valid_Datas_like_alphapets_both_in_uppercase_and_lowercase_and_numerical_value" time="9.337"/>
  <testcase classname="AutomationTesting.BchatApp.Create_Account_Flow_DisplayNameScreen_TestCases" name="PreSetup" time="3.290"/>
  <testcase classname="AutomationTesting.BchatApp.Create_Account_Flow_DisplayNameScreen_TestCases" name="To_Validate_DisplayName_textbox_With_valid_Datas_like_alphapets_both_in_uppercase_and_lowercase_and_numerical_value" time="8.221"/>
  <testcase classname="AutomationTesting.BchatApp.Create_Account_Flow_DisplayNameScreen_TestCases" name="To_Validate_DisplayName_textbox_With_valid_Datas_like_alphapets_both_in_uppercase_and_lowercase_and_numerical_value" time="7.980"/>
  <testcase classname="AutomationTesting.BchatApp.Create_Account_Flow_DisplayNameScreen_TestCases" name="To_Validate_DisplayName_textbox_With_valid_Datas_like_alphapets_both_in_uppercase_and_lowercase_and_numerical_value" time="15.035"/>
</testsuite> <!-- AutomationTesting.BchatApp.Create_Account_Flow_DisplayNameScreen_TestCases -->
