<?xml version="1.0" encoding="UTF-8"?>
<!-- Generated by org.testng.reporters.JUnitReportReporter -->
<testsuite hostname="sathish" failures="0" tests="3" name="AutomationTesting.BchatApp.One_To_One_Chat_Screen_TestCases" time="170.178" errors="0" timestamp="2025-02-13T09:57:47 IST" skipped="0">
  <testcase classname="AutomationTesting.BchatApp.One_To_One_Chat_Screen_TestCases" name="PreSetup" time="93.607"/>
  <testcase classname="AutomationTesting.BchatApp.One_To_One_Chat_Screen_TestCases" name="To_validate_whether_the_user_is_able_to_enable_pay_as_you_chat_option_using_shortcut_in_one_to_one_chat_screen" time="68.823"/>
  <testcase classname="AutomationTesting.BchatApp.One_To_One_Chat_Screen_TestCases" name="To_validate_whether_the_user_is_able_to_disable_pay_as_you_chat_option_using_shortcut_in_one_to_one_chat_screen" time="7.748"/>
</testsuite> <!-- AutomationTesting.BchatApp.One_To_One_Chat_Screen_TestCases -->
