<?xml version="1.0" encoding="UTF-8"?>
<!-- Generated by org.testng.reporters.JUnitReportReporter -->
<testsuite hostname="sathish" failures="0" tests="3" name="AutomationTesting.BchatApp.Create_Account_Flow_RegisterScreen_TestCases" time="26.513" errors="0" timestamp="2025-02-20T16:06:33 IST" skipped="0">
  <testcase classname="AutomationTesting.BchatApp.Create_Account_Flow_RegisterScreen_TestCases" name="To_Validate_whether_the_displaying_same_Name_entered_in_the_display_name_text_box" time="20.402"/>
  <testcase classname="AutomationTesting.BchatApp.Create_Account_Flow_RegisterScreen_TestCases" name="To_Validate_Whether_the_user_is_able_to_navigate_to_previous_screen_from_register_screen" time="3.294"/>
  <testcase classname="AutomationTesting.BchatApp.Create_Account_Flow_RegisterScreen_TestCases" name="To_Validate_whether_the_user_is_able_to_copy_the_ID_and_Address_showing_in_the_register_screen" time="2.817"/>
</testsuite> <!-- AutomationTesting.BchatApp.Create_Account_Flow_RegisterScreen_TestCases -->
