<?xml version="1.0" encoding="UTF-8"?>
<!-- Generated by org.testng.reporters.JUnitReportReporter -->
<testsuite hostname="sathish" failures="0" tests="18" name="AutomationTesting.BchatApp.Restore_Flow_SeedScreen_TestCases" time="91.237" errors="0" timestamp="2024-10-15T14:45:10 IST" skipped="0">
  <testcase classname="AutomationTesting.BchatApp.Restore_Flow_SeedScreen_TestCases" name="PreSetup" time="0.249"/>
  <system-out/>
  <testcase classname="AutomationTesting.BchatApp.Restore_Flow_SeedScreen_TestCases" name="TC_94_To_Validate_Whether_Able_to_Navigate_Previous_screen" time="15.543"/>
  <system-out/>
  <testcase classname="AutomationTesting.BchatApp.Restore_Flow_SeedScreen_TestCases" name="TC_96_To_Validate_the_presence_of_placeholder_in_the_Restore_From_seed_text_box" time="1.957"/>
  <system-out/>
  <testcase classname="AutomationTesting.BchatApp.Restore_Flow_SeedScreen_TestCases" name="TC_95_To_Validate_whether_crusher_blink_on_clicking_the_Restore_From_Seed_text_Box" time="3.060"/>
  <system-out/>
  <testcase classname="AutomationTesting.BchatApp.Restore_Flow_SeedScreen_TestCases" name="TC_102_To_Validate_the_working_of_the_next_option_without_entering_seed" time="1.075"/>
  <system-out/>
  <testcase classname="AutomationTesting.BchatApp.Restore_Flow_SeedScreen_TestCases" name="TC_92_To_Validate_whether_able_to_paste_the_copied_seed" time="5.055"/>
  <system-out/>
  <testcase classname="AutomationTesting.BchatApp.Restore_Flow_SeedScreen_TestCases" name="TC_93_To_Validate_whether_able_to_clear_the_entered_seed" time="2.112"/>
  <system-out/>
  <testcase classname="AutomationTesting.BchatApp.Restore_Flow_SeedScreen_TestCases" name="TC_98_To_Validate_the_text_box_of_the_restore_from_screen_by_entering_values_below_boundary_value" time="5.204"/>
  <system-out/>
  <testcase classname="AutomationTesting.BchatApp.Restore_Flow_SeedScreen_TestCases" name="TC_97_To_Validate_the_text_box_of_the_restore_from_seed_by_entering_values_above_boundary_value" time="4.833"/>
  <system-out/>
  <testcase classname="AutomationTesting.BchatApp.Restore_Flow_SeedScreen_TestCases" name="TC_99_To_Validate_whether_able_to_type_a_seed" time="4.069"/>
  <system-out/>
  <testcase classname="AutomationTesting.BchatApp.Restore_Flow_SeedScreen_TestCases" name="TC_105_To_Validate_Whether_Entered_seed_is_editable" time="8.328"/>
  <system-out/>
  <testcase classname="AutomationTesting.BchatApp.Restore_Flow_SeedScreen_TestCases" name="TC_103_To_Validate_the_working_of_the_next_option_by_entering_Invalid_seed" time="5.002"/>
  <system-out/>
  <testcase classname="AutomationTesting.BchatApp.Restore_Flow_SeedScreen_TestCases" name="TC_103_To_Validate_the_working_of_the_next_option_by_entering_Invalid_seed" time="6.574"/>
  <system-out/>
  <testcase classname="AutomationTesting.BchatApp.Restore_Flow_SeedScreen_TestCases" name="TC_103_To_Validate_the_working_of_the_next_option_by_entering_Invalid_seed" time="6.263"/>
  <system-out/>
  <testcase classname="AutomationTesting.BchatApp.Restore_Flow_SeedScreen_TestCases" name="TC_103_To_Validate_the_working_of_the_next_option_by_entering_Invalid_seed" time="4.730"/>
  <system-out/>
  <testcase classname="AutomationTesting.BchatApp.Restore_Flow_SeedScreen_TestCases" name="TC_103_To_Validate_the_working_of_the_next_option_by_entering_Invalid_seed" time="6.953"/>
  <system-out/>
  <testcase classname="AutomationTesting.BchatApp.Restore_Flow_SeedScreen_TestCases" name="TC_100_To_Validate_the_working_of_next_option_by_pasting_25_blank_space_value" time="4.583"/>
  <system-out/>
  <testcase classname="AutomationTesting.BchatApp.Restore_Flow_SeedScreen_TestCases" name="TC_104_To_Validate_the_working_of_the_next_option_by_entering_Valid_seed" time="5.647"/>
  <system-out/>
</testsuite> <!-- AutomationTesting.BchatApp.Restore_Flow_SeedScreen_TestCases -->
