<?xml version="1.0" encoding="UTF-8"?>
<!-- Generated by org.testng.reporters.JUnitReportReporter -->
<testsuite hostname="sathish" failures="0" tests="5" name="TestCases.Create_Account_Flow_RecoveryPhraseScreen_TestCases" time="87.925" errors="0" timestamp="2024-08-07T17:15:48 IST" skipped="0">
  <testcase classname="TestCases.Create_Account_Flow_RecoveryPhraseScreen_TestCases" name="presetup" time="42.547"/>
  <testcase classname="TestCases.Create_Account_Flow_RecoveryPhraseScreen_TestCases" name="TC_82_To_Validate_whether_able_to_navigate_to_the_next_screen_without_copying_the_recovery_seed_TC_83_To_Validate_whether_continue_function_is_enable_without_copying_the_recovery_seed" time="0.544"/>
  <testcase classname="TestCases.Create_Account_Flow_RecoveryPhraseScreen_TestCases" name="TC_81_To_Validate_the_working_of_the_copy_option_in_the_recovery_phase_screen" time="1.893"/>
  <testcase classname="TestCases.Create_Account_Flow_RecoveryPhraseScreen_TestCases" name="TC_85_To_Validate_Whether_Able_to_Navigate_Previous_screen" time="37.856"/>
  <testcase classname="TestCases.Create_Account_Flow_RecoveryPhraseScreen_TestCases" name="TC_84_And_85_To_Validate_the_working_of_the_continue_button_after_copying_the_recovery_seed_TC_85_To_Validate_the_working_of_the_continue_button_after_copying_the_recovery_seed" time="5.085"/>
</testsuite> <!-- TestCases.Create_Account_Flow_RecoveryPhraseScreen_TestCases -->
