<?xml version="1.0" encoding="UTF-8"?>
<!-- Generated by org.testng.reporters.JUnitReportReporter -->
<testsuite hostname="sathish" failures="0" tests="6" name="AutomationTesting.BchatApp.Home_Screen_TestCases" time="65.829" errors="0" timestamp="2024-08-13T11:44:04 IST" skipped="0">
  <testcase classname="AutomationTesting.BchatApp.Home_Screen_TestCases" name="PreSetup" time="47.249"/>
  <testcase classname="AutomationTesting.BchatApp.Home_Screen_TestCases" name="To_Validate_the_Navigation_to_the_Menu_screen_in_both_forward_and_backward_direction" time="2.630"/>
  <testcase classname="AutomationTesting.BchatApp.Home_Screen_TestCases" name="To_Validate_the_Navigation_to_the_search_screen_in_both_forward_and_backward_direction" time="4.413"/>
  <testcase classname="AutomationTesting.BchatApp.Home_Screen_TestCases" name="To_validate_the_navigation_to_newChat_screen" time="4.377"/>
  <testcase classname="AutomationTesting.BchatApp.Home_Screen_TestCases" name="To_validate_the_navigation_to_Create_SecretGroup_screen" time="3.987"/>
  <testcase classname="AutomationTesting.BchatApp.Home_Screen_TestCases" name="To_validate_the_navigation_to_Join_Social_screen" time="3.173"/>
</testsuite> <!-- AutomationTesting.BchatApp.Home_Screen_TestCases -->
