<?xml version="1.0" encoding="UTF-8"?>
<!-- Generated by org.testng.reporters.JUnitReportReporter -->
<testsuite hostname="sathish" failures="0" tests="4" name="AutomationTesting.BchatApp.Hops_Screen_TestCases" time="63.572" errors="0" timestamp="2024-08-27T12:50:01 IST" skipped="0">
  <testcase classname="AutomationTesting.BchatApp.Hops_Screen_TestCases" name="PreSetup" time="51.379"/>
  <testcase classname="AutomationTesting.BchatApp.Hops_Screen_TestCases" name="To_Validate_the_working_of_the_Hops_Screen_without_Internet_Connection" time="0.985"/>
  <testcase classname="AutomationTesting.BchatApp.Hops_Screen_TestCases" name="To_Validate_whether_able_to_navigate_back_to_the_My_Account_Screen_from_hops_screen" time="1.198"/>
  <testcase classname="AutomationTesting.BchatApp.Hops_Screen_TestCases" name="To_Validate_the_working_of_the_Hops_Screen_with_Internet_Connection" time="10.010"/>
</testsuite> <!-- AutomationTesting.BchatApp.Hops_Screen_TestCases -->
