<?xml version="1.0" encoding="UTF-8"?>
<!-- Generated by org.testng.reporters.JUnitReportReporter -->
<testsuite hostname="sathish" failures="0" tests="8" name="AutomationTesting.BchatApp.Notifications_Screen_TestCases" time="70.930" errors="0" timestamp="2024-09-11T12:42:23 IST" skipped="0">
  <testcase classname="AutomationTesting.BchatApp.Notifications_Screen_TestCases" name="preSetup" time="41.300"/>
  <system-out/>
  <testcase classname="AutomationTesting.BchatApp.Notifications_Screen_TestCases" name="To_validate_whether_able_to_navigate_back_to_The_home_Screen_from_notifications_screen" time="2.487"/>
  <system-out/>
  <testcase classname="AutomationTesting.BchatApp.Notifications_Screen_TestCases" name="To_validate_all_options_in_notifications_screen_is_enable_if_all_notifications_in_ON_Condition" time="5.470"/>
  <system-out/>
  <testcase classname="AutomationTesting.BchatApp.Notifications_Screen_TestCases" name="To_validate_all_options_in_notifications_screen_is_enable_if_all_notifications_in_OFF_Condition" time="1.406"/>
  <system-out/>
  <testcase classname="AutomationTesting.BchatApp.Notifications_Screen_TestCases" name="To_validate_the_navigation_of_priority_option_from_notifications_screen" time="3.469"/>
  <system-out/>
  <testcase classname="AutomationTesting.BchatApp.Notifications_Screen_TestCases" name="To_Validate_the_working_of_all_radio_buttons_in_notifications_content" time="8.667"/>
  <system-out/>
  <testcase classname="AutomationTesting.BchatApp.Notifications_Screen_TestCases" name="To_Validate_whether_the_selected_radio_button_is_highlighted_in_show_option_of_notifications_content" time="6.086"/>
  <system-out/>
  <testcase classname="AutomationTesting.BchatApp.Notifications_Screen_TestCases" name="To_Validate_the_working_of_cancel_button_in_notifications_content_Show_popup_screen" time="2.045"/>
  <system-out/>
</testsuite> <!-- AutomationTesting.BchatApp.Notifications_Screen_TestCases -->
