<?xml version="1.0" encoding="UTF-8"?>
<!-- Generated by org.testng.reporters.JUnitReportReporter -->
<testsuite hostname="sathish" failures="0" tests="3" name="AutomationTesting.BchatApp.My_Wallet_Screen_TestCases_In_Create_Account_Flow" time="349.663" errors="0" timestamp="2025-01-16T14:01:51 IST" skipped="0">
  <testcase classname="AutomationTesting.BchatApp.My_Wallet_Screen_TestCases_In_Create_Account_Flow" name="PreSetup" time="47.264"/>
  <testcase classname="AutomationTesting.BchatApp.My_Wallet_Screen_TestCases_In_Create_Account_Flow" name="To_validate_the_working_of_rescan_with_restore_from_date_in_rescan_screen" time="172.888"/>
  <testcase classname="AutomationTesting.BchatApp.My_Wallet_Screen_TestCases_In_Create_Account_Flow" name="To_Validate_whether_able_to_Add_Node_without_Internet_connection_in_add_node_popup" time="129.511"/>
</testsuite> <!-- AutomationTesting.BchatApp.My_Wallet_Screen_TestCases_In_Create_Account_Flow -->
