<?xml version="1.0" encoding="UTF-8"?>
<!-- Generated by org.testng.reporters.JUnitReportReporter -->
<testsuite hostname="sathish" failures="0" tests="2" name="AutomationTesting.BchatApp.Create_Account_Flow_DisplayNameScreen_TestCases" time="15.060" errors="0" timestamp="2025-02-18T16:56:38 IST" skipped="0">
  <testcase classname="AutomationTesting.BchatApp.Create_Account_Flow_DisplayNameScreen_TestCases" name="PreSetup" time="3.825"/>
  <testcase classname="AutomationTesting.BchatApp.Create_Account_Flow_DisplayNameScreen_TestCases" name="To_Validate_Whether_the_user_is_able_to_paste_values_in_display_name_textBox_in_display_name_screen" time="11.235"/>
</testsuite> <!-- AutomationTesting.BchatApp.Create_Account_Flow_DisplayNameScreen_TestCases -->
