<?xml version="1.0" encoding="UTF-8"?>
<!-- Generated by org.testng.reporters.JUnitReportReporter -->
<testsuite hostname="sathish" failures="0" tests="6" name="AutomationTesting.BchatApp.Create_Secret_Group_Screen_TestCases" time="125.858" errors="0" timestamp="2024-12-20T11:42:09 IST" skipped="0">
  <testcase classname="AutomationTesting.BchatApp.Create_Secret_Group_Screen_TestCases" name="PreSetup" time="91.876"/>
  <system-out/>
  <testcase classname="AutomationTesting.BchatApp.Create_Secret_Group_Screen_TestCases" name="To_Validate_whether_able_to_create_secret_group_without_internet_connection_in_create_secret_group_screen" time="26.272"/>
  <system-out/>
  <testcase classname="AutomationTesting.BchatApp.Create_Secret_Group_Screen_TestCases" name="To_Validate_the_textboxes_of_Secret_Group_using_special_Characters_in_create_secret_group_screen" time="1.743"/>
  <system-out/>
  <testcase classname="AutomationTesting.BchatApp.Create_Secret_Group_Screen_TestCases" name="To_Validate_the_textboxes_of_Secret_Group_using_alphabets_both_in_uppercase_and_lowercase_in_create_secret_group_screen" time="2.585"/>
  <system-out/>
  <testcase classname="AutomationTesting.BchatApp.Create_Secret_Group_Screen_TestCases" name="To_Validate_the_textboxes_of_Secret_Group_by_numerical_value_in_create_secret_group_screen" time="1.133"/>
  <system-out/>
  <testcase classname="AutomationTesting.BchatApp.Create_Secret_Group_Screen_TestCases" name="To_Validate_whether_the_value_entered_in_textboxes_of_SecretGroup_is_editable_and_deleteable_in_create_secret_group_screen" time="2.249"/>
  <system-out/>
</testsuite> <!-- AutomationTesting.BchatApp.Create_Secret_Group_Screen_TestCases -->
