<?xml version="1.0" encoding="UTF-8"?>
<!-- Generated by org.testng.reporters.JUnitReportReporter -->
<testsuite hostname="sathish" failures="0" tests="6" name="AutomationTesting.BchatApp.Create_Account_Flow_DisplayNameScreen_TestCases" time="24.332" errors="0" timestamp="2025-02-14T14:20:01 IST" skipped="0">
  <testcase classname="AutomationTesting.BchatApp.Create_Account_Flow_DisplayNameScreen_TestCases" name="PreSetup" time="3.235"/>
  <testcase classname="AutomationTesting.BchatApp.Create_Account_Flow_DisplayNameScreen_TestCases" name="To_Validate_presence_of_placeholder_in_Display_Name_Textbox_in_display_name_screen" time="3.857"/>
  <testcase classname="AutomationTesting.BchatApp.Create_Account_Flow_DisplayNameScreen_TestCases" name="To_Validate_whether_the_crusher_blink_on_clicking_textbox_of_Display_Name_screen" time="1.545"/>
  <testcase classname="AutomationTesting.BchatApp.Create_Account_Flow_DisplayNameScreen_TestCases" name="To_Validate_Display_Name_text_box_With_Empty_Value_in_display_name_screen" time="3.502"/>
  <testcase classname="AutomationTesting.BchatApp.Create_Account_Flow_DisplayNameScreen_TestCases" name="To_validate_the_clicking_continue_button_without_enter_any_value_in_display_name_text_box_in_display_name_screen" time="3.984"/>
  <testcase classname="AutomationTesting.BchatApp.Create_Account_Flow_DisplayNameScreen_TestCases" name="To_validate_the_text_box_of_the_Display_Name_screen_by_entering_values_above_boundary_value" time="8.209"/>
</testsuite> <!-- AutomationTesting.BchatApp.Create_Account_Flow_DisplayNameScreen_TestCases -->
