<?xml version="1.0" encoding="UTF-8"?>
<!-- Generated by org.testng.reporters.JUnitReportReporter -->
<testsuite hostname="sathish" failures="0" tests="8" name="AutomationTesting.BchatApp.New_Chat_Screen_TestCases" time="116.899" errors="0" timestamp="2024-11-29T17:35:30 IST" skipped="0">
  <testcase classname="AutomationTesting.BchatApp.New_Chat_Screen_TestCases" name="PreSetup" time="53.085"/>
  <system-out/>
  <testcase classname="AutomationTesting.BchatApp.New_Chat_Screen_TestCases" name="To_validate_the_new_chat_function_without_internet_connection_in_the_new_chat_screen" time="16.113"/>
  <system-out/>
  <testcase classname="AutomationTesting.BchatApp.New_Chat_Screen_TestCases" name="To_validate_whether_able_to_paste_values_in_text_box_in_the_new_chat_screen" time="3.539"/>
  <system-out/>
  <testcase classname="AutomationTesting.BchatApp.New_Chat_Screen_TestCases" name="To_Validate_the_New_Chat_by_entering_a_valid_BChat_ID_in_the_new_chat_screen" time="6.394"/>
  <system-out/>
  <testcase classname="AutomationTesting.BchatApp.New_Chat_Screen_TestCases" name="To_Validate_the_New_Chat_by_entering_a_valid_BNS_name_in_the_new_chat_screen" time="7.428"/>
  <system-out/>
  <testcase classname="AutomationTesting.BchatApp.New_Chat_Screen_TestCases" name="To_Validate_the_working_of_upload_from_gallery_option_with_valid_QR_code_image" time="13.612"/>
  <system-out/>
  <testcase classname="AutomationTesting.BchatApp.New_Chat_Screen_TestCases" name="To_validate_the_working_of_upload_from_gallery_option_with_normal_QR_code_image" time="7.644"/>
  <system-out/>
  <testcase classname="AutomationTesting.BchatApp.New_Chat_Screen_TestCases" name="To_validate_the_working_of_upload_from_gallery_option_with_invalid_QR_code_image" time="9.084"/>
  <system-out/>
</testsuite> <!-- AutomationTesting.BchatApp.New_Chat_Screen_TestCases -->
