<?xml version="1.0" encoding="UTF-8"?>
<!-- Generated by org.testng.reporters.JUnitReportReporter -->
<testsuite hostname="sathish" failures="0" tests="2" name="AutomationTesting.BchatApp.App_Lock_Screen_TestCases" time="86.899" errors="0" timestamp="2025-02-12T13:20:32 IST" skipped="0">
  <testcase classname="AutomationTesting.BchatApp.App_Lock_Screen_TestCases" name="PreSetup" time="51.490"/>
  <testcase classname="AutomationTesting.BchatApp.App_Lock_Screen_TestCases" name="To_Validate_whether_the_user_is_able_to_select_all_timing_options_in_Screenlock_inactivity_timeout_functionality_And_To_validate_whether_the_selected_option_is_displayed_in_AppLock_Screen" time="35.409"/>
</testsuite> <!-- AutomationTesting.BchatApp.App_Lock_Screen_TestCases -->
