<?xml version="1.0" encoding="UTF-8"?>
<!-- Generated by org.testng.reporters.JUnitReportReporter -->
<testsuite hostname="sathish" failures="0" tests="16" name="TestCases.Create_Account_Flow_DisplayNameScreen_TestCases" time="178.302" errors="0" timestamp="2024-08-06T10:23:47 IST" skipped="0">
  <testcase classname="TestCases.Create_Account_Flow_DisplayNameScreen_TestCases" name="TC_30_To_Validate_DisplayName_WithoutAny_Value" time="62.464"/>
  <testcase classname="TestCases.Create_Account_Flow_DisplayNameScreen_TestCases" name="TC_To_Validate_DisplayName_With_Invalid_Datas" time="3.605"/>
  <testcase classname="TestCases.Create_Account_Flow_DisplayNameScreen_TestCases" name="TC_To_Validate_DisplayName_With_valid_Datas" time="13.343"/>
  <testcase classname="TestCases.Create_Account_Flow_DisplayNameScreen_TestCases" name="TC_To_Validate_DisplayName_With_Invalid_Datas" time="4.789"/>
  <testcase classname="TestCases.Create_Account_Flow_DisplayNameScreen_TestCases" name="TC_To_Validate_DisplayName_With_Invalid_Datas" time="3.795"/>
  <testcase classname="TestCases.Create_Account_Flow_DisplayNameScreen_TestCases" name="TC_37_To_Validate_presence_of_placeholder_in_Display_Name_Textbox" time="0.208"/>
  <testcase classname="TestCases.Create_Account_Flow_DisplayNameScreen_TestCases" name="TC_34_To_Validate_DisplayName_With_Empty_Value" time="4.191"/>
  <testcase classname="TestCases.Create_Account_Flow_DisplayNameScreen_TestCases" name="TC_36_To_Validate_whether_crusher_blink_on_clicking_textbox_of_Display_Name" time="2.057"/>
  <testcase classname="TestCases.Create_Account_Flow_DisplayNameScreen_TestCases" name="TC_To_Validate_DisplayName_With_valid_Datas" time="15.157"/>
  <testcase classname="TestCases.Create_Account_Flow_DisplayNameScreen_TestCases" name="TC_39_To_Validate_Whether_Able_To_Paste_Values_In_TextBox" time="15.332"/>
  <testcase classname="TestCases.Create_Account_Flow_DisplayNameScreen_TestCases" name="TC_To_Validate_DisplayName_With_valid_Datas" time="14.446"/>
  <testcase classname="TestCases.Create_Account_Flow_DisplayNameScreen_TestCases" name="TC_To_Validate_DisplayName_With_valid_Datas" time="13.837"/>
  <testcase classname="TestCases.Create_Account_Flow_DisplayNameScreen_TestCases" name="TC_To_Validate_DisplayName_With_Invalid_Datas" time="4.256"/>
  <testcase classname="TestCases.Create_Account_Flow_DisplayNameScreen_TestCases" name="PreSetup" time="1.113"/>
  <testcase classname="TestCases.Create_Account_Flow_DisplayNameScreen_TestCases" name="TC_31_To_Validate_DisplayName_With_Above_Boundary_Value" time="6.321"/>
  <testcase classname="TestCases.Create_Account_Flow_DisplayNameScreen_TestCases" name="TC_To_Validate_DisplayName_With_valid_Datas" time="13.388"/>
</testsuite> <!-- TestCases.Create_Account_Flow_DisplayNameScreen_TestCases -->
