<?xml version="1.0" encoding="UTF-8"?>
<!-- Generated by org.testng.reporters.JUnitReportReporter -->
<testsuite hostname="sathish" failures="0" tests="5" name="AutomationTesting.BchatApp.Search_Screen_And_Note_To_Self_Screen_TestCases" time="155.763" errors="0" timestamp="2024-11-27T14:39:04 IST" skipped="0">
  <testcase classname="AutomationTesting.BchatApp.Search_Screen_And_Note_To_Self_Screen_TestCases" name="PreSetup" time="52.370"/>
  <system-out/>
  <testcase classname="AutomationTesting.BchatApp.Search_Screen_And_Note_To_Self_Screen_TestCases" name="To_validate_the_working_of_reply_option_in_note_to_self_chat_screen" time="68.440"/>
  <system-out/>
  <testcase classname="AutomationTesting.BchatApp.Search_Screen_And_Note_To_Self_Screen_TestCases" name="To_Validate_whether_able_to_share_the_files_photos_in_note_to_self_chat_screen" time="11.845"/>
  <system-out/>
  <testcase classname="AutomationTesting.BchatApp.Search_Screen_And_Note_To_Self_Screen_TestCases" name="To_validate_the_all_media_with_image_in_note_to_self_chat_screen" time="7.237"/>
  <system-out/>
  <testcase classname="AutomationTesting.BchatApp.Search_Screen_And_Note_To_Self_Screen_TestCases" name="To_Validate_the_Message_screen_and_response_without_internet_in_note_to_self_chat_screen" time="15.871"/>
  <system-out/>
</testsuite> <!-- AutomationTesting.BchatApp.Search_Screen_And_Note_To_Self_Screen_TestCases -->
