<?xml version="1.0" encoding="UTF-8"?>
<!-- Generated by org.testng.reporters.JUnitReportReporter -->
<testsuite hostname="sathish" failures="0" tests="2" name="AutomationTesting.BchatApp.Report_Issue_Screen_TestCases" time="65.619" errors="0" timestamp="2025-02-12T12:49:29 IST" skipped="0">
  <testcase classname="AutomationTesting.BchatApp.Report_Issue_Screen_TestCases" name="preSetup" time="43.297"/>
  <testcase classname="AutomationTesting.BchatApp.Report_Issue_Screen_TestCases" name="To_Validate_textbox_of_Report_Issue_Functionality_using_Alaphabats_both_in_uppercase_and_lowercase" time="22.322"/>
</testsuite> <!-- AutomationTesting.BchatApp.Report_Issue_Screen_TestCases -->
