<?xml version="1.0" encoding="UTF-8"?>
<!-- Generated by org.testng.reporters.JUnitReportReporter -->
<testsuite hostname="sathish" failures="0" tests="5" name="AutomationTesting.BchatApp.Blocked_Contacts_Screen_TestCases" time="144.770" errors="0" timestamp="2024-09-06T11:55:16 IST" skipped="0">
  <testcase classname="AutomationTesting.BchatApp.Blocked_Contacts_Screen_TestCases" name="PreSetup" time="63.545"/>
  <system-out/>
  <testcase classname="AutomationTesting.BchatApp.Blocked_Contacts_Screen_TestCases" name="To_Validate_whether_blocked_contacts_is_showing_in_blocked_contacts_screen" time="23.382"/>
  <system-out/>
  <testcase classname="AutomationTesting.BchatApp.Blocked_Contacts_Screen_TestCases" name="To_Validate_the_working_of_cancel_button_in_unblock_users_popup" time="4.011"/>
  <system-out/>
  <testcase classname="AutomationTesting.BchatApp.Blocked_Contacts_Screen_TestCases" name="To_Validate_whether_able_to_unblock_the_blocked_contacts" time="0.583"/>
  <system-out/>
  <testcase classname="AutomationTesting.BchatApp.Blocked_Contacts_Screen_TestCases" name="To_Validate_whether_able_to__Unblock_By_multiselect_the_contacts_in_blocked_contacts_screen" time="53.249"/>
  <system-out/>
</testsuite> <!-- AutomationTesting.BchatApp.Blocked_Contacts_Screen_TestCases -->
