<?xml version="1.0" encoding="UTF-8"?>
<!-- Generated by org.testng.reporters.JUnitReportReporter -->
<testsuite hostname="sathish" failures="0" tests="2" name="AutomationTesting.BchatApp.Menu_Drawer_Screen_TestCases" time="105.529" errors="0" timestamp="2025-02-12T09:48:32 IST" skipped="0">
  <testcase classname="AutomationTesting.BchatApp.Menu_Drawer_Screen_TestCases" name="PreSetup" time="48.369"/>
  <testcase classname="AutomationTesting.BchatApp.Menu_Drawer_Screen_TestCases" name="To_Validate_the_working_of_Send_Link_Previews_option_in_both_On_and_Off_condition_in_settings_screen" time="57.160"/>
</testsuite> <!-- AutomationTesting.BchatApp.Menu_Drawer_Screen_TestCases -->
