<?xml version="1.0" encoding="UTF-8"?>
<!-- Generated by org.testng.reporters.JUnitReportReporter -->
<testsuite hostname="sathish" failures="0" tests="6" name="TestCases.Create_Account_Flow_RegisterScreen_TestCases" time="818.187" errors="0" timestamp="2024-08-05T18:07:26 IST" skipped="0">
  <testcase classname="TestCases.Create_Account_Flow_RegisterScreen_TestCases" name="TC_47_To_Validate_whether_displaying_same_Name_entered_in_the_display_name_text_box" time="253.609"/>
  <testcase classname="TestCases.Create_Account_Flow_RegisterScreen_TestCases" name="TC_49_To_Validate_whether_ID_And_Address_are_change_while_navigating_back_and_navigate_into_register_screen" time="403.563"/>
  <testcase classname="TestCases.Create_Account_Flow_RegisterScreen_TestCases" name="TC_50_To_Validate_whether_able_to_copy_ID_and_Address" time="60.628"/>
  <testcase classname="TestCases.Create_Account_Flow_RegisterScreen_TestCases" name="TC_52_To_Validate_whether_ID_and_Address_were_Clickable_And_Editable" time="27.337"/>
  <testcase classname="TestCases.Create_Account_Flow_RegisterScreen_TestCases" name="TC_48_To_Validate_Whether_able_to_navigate_to_previous_screen" time="71.485"/>
  <testcase classname="TestCases.Create_Account_Flow_RegisterScreen_TestCases" name="TC_53_To_Validate_the_working_of_next_Button" time="1.565"/>
</testsuite> <!-- TestCases.Create_Account_Flow_RegisterScreen_TestCases -->
