<?xml version="1.0" encoding="UTF-8"?>
<!-- Generated by org.testng.reporters.JUnitReportReporter -->
<testsuite hostname="sathish" failures="0" tests="8" name="AutomationTesting.BchatApp.Message_Request_Screen_TestCases" time="136.317" errors="0" timestamp="2024-09-09T17:15:07 IST" skipped="0">
  <testcase classname="AutomationTesting.BchatApp.Message_Request_Screen_TestCases" name="preSetup" time="41.016"/>
  <system-out/>
  <testcase classname="AutomationTesting.BchatApp.Message_Request_Screen_TestCases" name="To_Validate_whether_able_to_navigate_out_of_message_request_screen" time="2.695"/>
  <system-out/>
  <testcase classname="AutomationTesting.BchatApp.Message_Request_Screen_TestCases" name="To_Validate_whether_Message_requests_recevied_from_others_is_showing_on_the_message_request_screen" time="63.843"/>
  <system-out/>
  <testcase classname="AutomationTesting.BchatApp.Message_Request_Screen_TestCases" name="To_Validate_the_working_of_cancel_button_in_all_popup_on_the_message_request_screen" time="5.283"/>
  <system-out/>
  <testcase classname="AutomationTesting.BchatApp.Message_Request_Screen_TestCases" name="To_Validate_working_of_Accept_option_in_Message_Request_screen" time="6.168"/>
  <system-out/>
  <testcase classname="AutomationTesting.BchatApp.Message_Request_Screen_TestCases" name="To_Validate_the_working_of_Block_option_in_Message_request_screen" time="11.378"/>
  <system-out/>
  <testcase classname="AutomationTesting.BchatApp.Message_Request_Screen_TestCases" name="To_Validate_working_of_the_Delete_option_in_Message_request_screen" time="5.763"/>
  <system-out/>
  <testcase classname="AutomationTesting.BchatApp.Message_Request_Screen_TestCases" name="To_Validate_Message_Requests_Screen_without_any_message_request" time="0.171"/>
  <system-out/>
</testsuite> <!-- AutomationTesting.BchatApp.Message_Request_Screen_TestCases -->
