<?xml version="1.0" encoding="UTF-8"?>
<!-- Generated by org.testng.reporters.JUnitReportReporter -->
<testsuite hostname="sathish" failures="0" tests="3" name="AutomationTesting.BchatApp.Recovery_Seed_Screen_TestCases" time="53.969" errors="0" timestamp="2024-10-17T13:55:57 IST" skipped="0">
  <testcase classname="AutomationTesting.BchatApp.Recovery_Seed_Screen_TestCases" name="preSetup" time="43.653"/>
  <system-out/>
  <testcase classname="AutomationTesting.BchatApp.Recovery_Seed_Screen_TestCases" name="To_Validate_the_password_word_functionality_in_recover_seed_screen_with_valid_pin" time="6.797"/>
  <system-out/>
  <testcase classname="AutomationTesting.BchatApp.Recovery_Seed_Screen_TestCases" name="To_Validate_whether_able_to_copy_the_seed" time="3.519"/>
  <system-out/>
</testsuite> <!-- AutomationTesting.BchatApp.Recovery_Seed_Screen_TestCases -->
